<?xml version="1.0" encoding="UTF-8"?>
<!-- Generated by org.testng.reporters.JUnitReportReporter -->
<testsuite hostname="VMurashko-L2" name="core.tests.com.WebServiceTest" tests="1" failures="0" timestamp="21 Dec 2014 17:38:19 GMT" time="0.399" errors="0">
  <testcase name="testForWS" time="0.399" classname="core.tests.com.WebServiceTest"/>
</testsuite> <!-- core.tests.com.WebServiceTest -->
