<?xml version="1.0" encoding="UTF-8"?>
<!-- Generated by org.testng.reporters.JUnitReportReporter -->
<testsuite hostname="VMurashko-L2" name="core.tests.com.FeatureTests" tests="1" failures="0" timestamp="10 Dec 2014 13:18:20 GMT" time="28.057" errors="0">
  <testcase name="simpleTestLogInToGmail" time="28.057" classname="core.tests.com.FeatureTests"/>
</testsuite> <!-- core.tests.com.FeatureTests -->
